Model built using 1168 instances
Removing test instances to apply model on later...
Snapshot of data being used:
                   Y  Min_RGB_10_7_19_R  ...  Min_RGB_10_7_19_B  1stQu_RGB_10_7_19_R
ID                                       ...                                        
EL19_5166  15758.250                  0  ...                  0                64.75
EL19_6459  15053.580                  0  ...                  0                70.00
EL19_5715  15064.320                 19  ...                 17                74.25
EL19_6527  13713.625                 27  ...                 25                99.75
EL19_5847  17317.575                 35  ...                 24                75.25

[5 rows x 5 columns]


===>  Grid search started  <===
Round 1 of 10
Round 2 of 10
Round 3 of 10
Round 4 of 10
Round 5 of 10
Round 6 of 10
Round 7 of 10
Round 8 of 10
Round 9 of 10
Round 10 of 10
                                     mean_test_score
max_depth max_features n_estimators                 
10.0      log2         1000.0          -7.067562e+06
          0.5          1000.0          -7.074441e+06
          sqrt         1000.0          -7.078222e+06
                       500.0           -7.079989e+06
          log2         500.0           -7.085149e+06
Parameter sweep time: 6712.613957 seconds
Parameters selected: max_depth=10.0, max_features=log2, n_estimators=1000.0
Grid search done. Time: 6713.796490 s


===>  ML Pipeline started  <===
Running 1 of 100
Running 2 of 100
Running 3 of 100
Running 4 of 100
Running 5 of 100
Running 6 of 100
Running 7 of 100
Running 8 of 100
Running 9 of 100
Running 10 of 100
Running 11 of 100
Running 12 of 100
Running 13 of 100
Running 14 of 100
Running 15 of 100
Running 16 of 100
Running 17 of 100
Running 18 of 100
Running 19 of 100
Running 20 of 100
Running 21 of 100
Running 22 of 100
Running 23 of 100
Running 24 of 100
Running 25 of 100
Running 26 of 100
Running 27 of 100
Running 28 of 100
Running 29 of 100
Running 30 of 100
Running 31 of 100
Running 32 of 100
Running 33 of 100
Running 34 of 100
Running 35 of 100
Running 36 of 100
Running 37 of 100
Running 38 of 100
Running 39 of 100
Running 40 of 100
Running 41 of 100
Running 42 of 100
Running 43 of 100
Running 44 of 100
Running 45 of 100
Running 46 of 100
Running 47 of 100
Running 48 of 100
Running 49 of 100
Running 50 of 100
Running 51 of 100
Running 52 of 100
Running 53 of 100
Running 54 of 100
Running 55 of 100
Running 56 of 100
Running 57 of 100
Running 58 of 100
Running 59 of 100
Running 60 of 100
Running 61 of 100
Running 62 of 100
Running 63 of 100
Running 64 of 100
Running 65 of 100
Running 66 of 100
Running 67 of 100
Running 68 of 100
Running 69 of 100
Running 70 of 100
Running 71 of 100
Running 72 of 100
Running 73 of 100
Running 74 of 100
Running 75 of 100
Running 76 of 100
Running 77 of 100
Running 78 of 100
Running 79 of 100
Running 80 of 100
Running 81 of 100
Running 82 of 100
Running 83 of 100
Running 84 of 100
Running 85 of 100
Running 86 of 100
Running 87 of 100
Running 88 of 100
Running 89 of 100
Running 90 of 100
Running 91 of 100
Running 92 of 100
Running 93 of 100
Running 94 of 100
Running 95 of 100
Running 96 of 100
Running 97 of 100
Running 98 of 100
Running 99 of 100
Running 100 of 100
ML Pipeline time: 2652.527880 seconds


===>  ML Results  <===

Validation Set Scores:
Metric	Mean	std	SE

Metric	Mean	std	SE
MSE	7076701.30390692	12637.438421879251	1263.743842187925
EVS	0.15295533677376597	0.001512733143350557	0.0001512733143350557
R2	0.15288534062508463	0.0015127612265069682	0.00015127612265069683
PCC	0.39144354580021423	0.001853548512815115	0.0001853548512815115



Test Set Scores:
Metric	Mean	std	SE

MSE	6819996.015777456	34489.42961252788	3448.942961252788
EVS	0.11830315582165074	0.004456181212232251	0.0004456181212232251
R2	0.11809840570662311	0.00445986814232621	0.00044598681423262105
PCC	0.3440745720832753	0.006294071944832842	0.0006294071944832842


finished!
JobId=57459121 JobName=droneML
   UserId=lotrecks(1036009) GroupId=plb(2022) MCS_label=N/A
   Priority=60282 Nice=0 Account=general QOS=lotrecks
   JobState=RUNNING Reason=None Dependency=(null)
   Requeue=1 Restarts=0 BatchFlag=1 Reboot=0 ExitCode=0:0
   RunTime=02:36:46 TimeLimit=03:59:00 TimeMin=N/A
   SubmitTime=2020-03-13T20:26:57 EligibleTime=2020-03-13T20:26:57
   AccrueTime=2020-03-13T20:26:57
   StartTime=2020-03-13T20:31:32 EndTime=2020-03-14T00:30:32 Deadline=N/A
   SuspendTime=None SecsPreSuspend=0 LastSchedEval=2020-03-13T20:31:32
   Partition=general-long AllocNode:Sid=dev-intel16-k80.i:20636
   ReqNodeList=(null) ExcNodeList=(null)
   NodeList=css-041
   BatchHost=css-041
   NumNodes=1 NumCPUs=2 NumTasks=1 CPUs/Task=2 ReqB:S:C:T=0:0:*:*
   TRES=cpu=2,mem=4G,node=1,billing=622
   Socks/Node=* NtasksPerN:B:S:C=0:0:*:* CoreSpec=*
   MinCPUsNode=2 MinMemoryCPU=2G MinTmpDiskNode=0
   Features=[intel14|intel16|intel18] DelayBoot=00:00:00
   OverSubscribe=OK Contiguous=0 Licenses=(null) Network=(null)
   Command=/mnt/ufs18/home-118/lotrecks/Classes/module-2-LUA/droneML_jobScript.sb
   WorkDir=/mnt/ufs18/home-118/lotrecks
   Comment=stdout=/mnt/ufs18/home-118/lotrecks/slurm-57459118.out 
   StdErr=/mnt/ufs18/home-118/lotrecks/slurm-57459121.out
   StdIn=/dev/null
   StdOut=/mnt/ufs18/home-118/lotrecks/slurm-57459121.out
   Power=


SLURM Job ID: 57459121
WrkDir=/mnt/ufs18/home-118/lotrecks
=========================================================================================================
          JobID |            57459121 |      57459121.batch |     57459121.extern |          57459121.0 |
        JobName |             droneML |               batch |              extern |              python |
           User |            lotrecks |                     |                     |                     |
       NodeList |             css-041 |             css-041 |             css-041 |             css-041 |
         NNodes |                   1 |                   1 |                   1 |                   1 |
         NTasks |                     |                   1 |                   1 |                   1 |
          NCPUS |                   2 |                   2 |                   2 |                   2 |
         ReqMem |                 2Gc |                 2Gc |                 2Gc |                 2Gc |
      Timelimit |            03:59:00 |                     |                     |                     |
        Elapsed |            02:36:18 |            02:36:18 |            02:36:18 |            02:36:10 |
       TotalCPU |            02:36:06 |            00:00:01 |            00:00:00 |            02:36:06 |
     AveCPULoad |             0.99872 |         0.000106633 |                     |            0.999573 |
         MaxRSS |                     |               4476K |                     |             108628K |
      MaxVMSize |                     |             162108K |                     |            1123684K |
          Start | 2020-03-13T20:31:32 | 2020-03-13T20:31:32 | 2020-03-13T20:31:32 | 2020-03-13T20:31:40 |
            End |             Unknown |             Unknown |             Unknown | 2020-03-13T23:07:50 |
       ExitCode |                 0:0 |                 0:0 |                 0:0 |                 0:0 |
          State |             RUNNING |             RUNNING |             RUNNING |           COMPLETED |
=========================================================================================================
